<?xml version="1.0" encoding="UTF-8"?>
<testng-results skipped="0" failed="0" ignored="0" total="1" passed="1">
  <reporter-output>
  </reporter-output>
  <suite name="Default suite" duration-ms="140832" started-at="2018-10-31T11:41:02Z" finished-at="2018-10-31T11:43:23Z">
    <groups>
    </groups>
    <test name="Default test" duration-ms="140832" started-at="2018-10-31T11:41:02Z" finished-at="2018-10-31T11:43:23Z">
      <class name="com.qa.test.JavaScriptAlerts">
        <test-method status="PASS" signature="alerts()[pri:0, instance:com.qa.test.JavaScriptAlerts@610694f1]" name="alerts" is-config="true" duration-ms="1238" started-at="2018-10-31T17:11:02Z" finished-at="2018-10-31T17:11:03Z">
          <reporter-output>
          </reporter-output>
        </test-method> <!-- alerts -->
        <test-method status="PASS" signature="clickalert()[pri:0, instance:com.qa.test.JavaScriptAlerts@610694f1]" name="clickalert" duration-ms="139493" started-at="2018-10-31T17:11:03Z" finished-at="2018-10-31T17:13:23Z">
          <reporter-output>
          </reporter-output>
        </test-method> <!-- clickalert -->
        <test-method status="PASS" signature="terminateBrowser()[pri:0, instance:com.qa.test.JavaScriptAlerts@610694f1]" name="terminateBrowser" is-config="true" duration-ms="78" started-at="2018-10-31T17:13:23Z" finished-at="2018-10-31T17:13:23Z">
          <reporter-output>
          </reporter-output>
        </test-method> <!-- terminateBrowser -->
      </class> <!-- com.qa.test.JavaScriptAlerts -->
    </test> <!-- Default test -->
  </suite> <!-- Default suite -->
</testng-results>
